C51 COMPILER V9.52.0.0   MAIN                                                              03/16/2022 10:49:26 PAGE 1   


C51 COMPILER V9.52.0.0, COMPILATION OF MODULE MAIN
OBJECT MODULE PLACED IN main.OBJ
COMPILER INVOKED BY: D:\Program Files (x86)\Keil\C51\BIN\C51.EXE main.c BROWSE DEBUG OBJECTEXTEND TABS(2)

line level    source

   1          
   2          #include "motor.h"
   3          #include "delay.h"
   4          
   5          
   6          
   7          void main()
   8          {
   9   1        while(1){
  10   2          goForward();
  11   2          Delay1000ms();
  12   2          Delay1000ms();
  13   2          goBack();
  14   2          Delay1000ms();
  15   2          Delay1000ms();
  16   2          goLeft();
  17   2          Delay1000ms();
  18   2          Delay1000ms();
  19   2          goRight();
  20   2          Delay1000ms();
  21   2          Delay1000ms();
  22   2        }
  23   1      }
  24          
  25          


MODULE INFORMATION:   STATIC OVERLAYABLE
   CODE SIZE        =     38    ----
   CONSTANT SIZE    =   ----    ----
   XDATA SIZE       =   ----    ----
   PDATA SIZE       =   ----    ----
   DATA SIZE        =   ----    ----
   IDATA SIZE       =   ----    ----
   BIT SIZE         =   ----    ----
END OF MODULE INFORMATION.


C51 COMPILATION COMPLETE.  0 WARNING(S),  0 ERROR(S)
