C51 COMPILER V9.52.0.0   TIME                                                              03/22/2022 04:22:44 PAGE 1   


C51 COMPILER V9.52.0.0, COMPILATION OF MODULE TIME
OBJECT MODULE PLACED IN time.OBJ
COMPILER INVOKED BY: D:\Program Files (x86)\Keil\C51\BIN\C51.EXE time.c BROWSE DEBUG OBJECTEXTEND TABS(2)

line level    source

   1          #include "motor.h"
   2          #include "reg52.h"
   3          
   4          extern unsigned int speedCnt;
   5          unsigned int speed;
   6          char signal = 0;
   7          unsigned int cnt = 0;
   8          
   9          void Time0Init()
  10          {
  11   1        //1. 配置定时器0工作模式位16位计时
  12   1        TMOD = 0x01;
  13   1        //2. 给初值，定一个0.5出来
  14   1        TL0=0x33;
  15   1        TH0=0xFE;
  16   1        //3. 开始计时
  17   1        TR0 = 1;
  18   1        TF0 = 0;
  19   1        //4. 打开定时器0中断
  20   1        ET0 = 1;
  21   1        //5. 打开总中断EA
  22   1        EA = 1;
  23   1      }
  24          
  25          void Time0Handler() interrupt 1
  26          {
  27   1        cnt++;  //统计爆表的次数. cnt=1的时候，报表了1
  28   1        //重新给初值
  29   1        TL0=0x33;
  30   1        TH0=0xFE;
  31   1        
  32   1        if(cnt == 2000){//爆表2000次，经过了1s
  33   2          signal = 1;
  34   2          cnt = 0;  //当100次表示1s，重新让cnt从0开始，计算下一次的1s
  35   2          //计算小车的速度，也就是拿到speedCnt的值
  36   2          speed = speedCnt;
  37   2          speedCnt = 0;//1秒后拿到speedCnt个格子，就能算出这1s的速度，格子清零
  38   2        }
  39   1          
  40   1      }


MODULE INFORMATION:   STATIC OVERLAYABLE
   CODE SIZE        =     72    ----
   CONSTANT SIZE    =   ----    ----
   XDATA SIZE       =   ----    ----
   PDATA SIZE       =   ----    ----
   DATA SIZE        =      5    ----
   IDATA SIZE       =   ----    ----
   BIT SIZE         =   ----    ----
END OF MODULE INFORMATION.


C51 COMPILATION COMPLETE.  0 WARNING(S),  0 ERROR(S)
