C51 COMPILER V9.52.0.0   DELAY                                                             03/16/2022 10:49:26 PAGE 1   


C51 COMPILER V9.52.0.0, COMPILATION OF MODULE DELAY
OBJECT MODULE PLACED IN delay.OBJ
COMPILER INVOKED BY: D:\Program Files (x86)\Keil\C51\BIN\C51.EXE delay.c BROWSE DEBUG OBJECTEXTEND TABS(2)

line level    source

   1          
   2          #include "intrins.h"
   3          
   4          void Delay1000ms()    //@11.0592MHz
   5          {
   6   1        unsigned char i, j, k;
   7   1      
   8   1        _nop_();
   9   1        i = 8;
  10   1        j = 1;
  11   1        k = 243;
  12   1        do
  13   1        {
  14   2          do
  15   2          {
  16   3            while (--k);
  17   3          } while (--j);
  18   2        } while (--i);
  19   1      }


MODULE INFORMATION:   STATIC OVERLAYABLE
   CODE SIZE        =     14    ----
   CONSTANT SIZE    =   ----    ----
   XDATA SIZE       =   ----    ----
   PDATA SIZE       =   ----    ----
   DATA SIZE        =   ----    ----
   IDATA SIZE       =   ----    ----
   BIT SIZE         =   ----    ----
END OF MODULE INFORMATION.


C51 COMPILATION COMPLETE.  0 WARNING(S),  0 ERROR(S)
