C51 COMPILER V9.52.0.0   UART                                                              03/22/2022 03:35:32 PAGE 1   


C51 COMPILER V9.52.0.0, COMPILATION OF MODULE UART
OBJECT MODULE PLACED IN uart.OBJ
COMPILER INVOKED BY: D:\Program Files (x86)\Keil\C51\BIN\C51.EXE uart.c BROWSE DEBUG OBJECTEXTEND TABS(2)

line level    source

   1          #include "reg52.h"
   2          #include "motor.h"
   3          #include "string.h"
   4          sbit D5 = P3^7;
   5          #define SIZE 12
   6          
   7          sfr AUXR = 0x8E;
   8          char buffer[SIZE];
   9          
  10          void UartInit(void)   //9600bps@11.0592MHz
  11          {
  12   1        AUXR = 0x01;
  13   1        SCON = 0x50; //配置串口工作方式1，REN使能接收
  14   1        TMOD &= 0x0F;
  15   1        TMOD |= 0x20;//定时器1工作方式位8位自动重装
  16   1        
  17   1        TH1 = 0xFD;
  18   1        TL1 = 0xFD;//9600波特率的初值
  19   1        TR1 = 1;//启动定时器
  20   1        
  21   1        EA = 1;//开启总中断
  22   1        ES = 1;//开启串口中断
  23   1      }
  24          
  25          
  26          void SendByte(char mydata)
  27          {
  28   1        SBUF = mydata;
  29   1        while(!TI);
  30   1        TI = 0;
  31   1      }
  32          
  33          void SendString(char *str)
  34          {
  35   1        while(*str != '\0'){
  36   2          SendByte(*str);
  37   2          str++;
  38   2        }
  39   1      }
  40          
  41          
  42          //M1qian  M2 hou M3 zuo  M4 you
  43          void Uart_Handler() interrupt 4
  44          {
  45   1        static int i = 0;//静态变量，被初始化一次
  46   1        char tmp;
  47   1      
  48   1        if(RI)//中断处理函数中，对于接收中断的响应
  49   1        {
  50   2            RI = 0;//清除接收中断标志位
  51   2            tmp = SBUF;
  52   2            if(tmp == 'M'){
  53   3              i = 0;
  54   3            }
  55   2            buffer[i++] = tmp;
C51 COMPILER V9.52.0.0   UART                                                              03/22/2022 03:35:32 PAGE 2   

  56   2          
  57   2            //灯控指令
  58   2            if(buffer[0] == 'M'){
  59   3              switch(buffer[1]){
  60   4                case '1':
  61   4                  goForward();
  62   4                  break;
  63   4                case '2':
  64   4                  goBack();
  65   4                  break;
  66   4                case '3':
  67   4                  goLeft();
  68   4                  break;
  69   4                case '4':
  70   4                  goRight();
  71   4                  break;
  72   4                default:
  73   4                  stop();
  74   4                  break;
  75   4              }
  76   3            }
  77   2          
  78   2            if(i == 12) {
  79   3              memset(buffer, '\0', SIZE);
  80   3              i = 0;
  81   3            }
  82   2        }
  83   1          
  84   1      }


MODULE INFORMATION:   STATIC OVERLAYABLE
   CODE SIZE        =    208    ----
   CONSTANT SIZE    =   ----    ----
   XDATA SIZE       =   ----    ----
   PDATA SIZE       =   ----    ----
   DATA SIZE        =     14    ----
   IDATA SIZE       =   ----    ----
   BIT SIZE         =   ----    ----
END OF MODULE INFORMATION.


C51 COMPILATION COMPLETE.  0 WARNING(S),  0 ERROR(S)
