C51 COMPILER V9.52.0.0   MAIN                                                              03/16/2022 15:33:02 PAGE 1   


C51 COMPILER V9.52.0.0, COMPILATION OF MODULE MAIN
OBJECT MODULE PLACED IN main.OBJ
COMPILER INVOKED BY: D:\Program Files (x86)\Keil\C51\BIN\C51.EXE main.c BROWSE DEBUG OBJECTEXTEND TABS(2)

line level    source

   1          #include "motor.h"
   2          #include "delay.h"
   3          #include "uart.h"
   4          #include "time.h"
   5          #include "reg52.h"
   6          
   7          sfr AUXR = 0x8E;
   8          sfr T2L = 0xCC;
   9          sfr T2H = 0xCD;
  10          extern char speedLeft;
  11          extern char speedRight;
  12          
  13          
  14          
  15          void Time2UartInit()    //9600bps@11.0592MHz
  16          {
  17   1        SCON = 0x50;    //8位数据,可变波特率
  18   1        AUXR |= 0x01;   //串口1选择定时器2为波特率发生器
  19   1        AUXR &= 0xFB;   //定时器2时钟为Fosc/12,即12T
  20   1        T2L = 0xE8;   //设定定时初值
  21   1        T2H = 0xFF;   //设定定时初值
  22   1        AUXR |= 0x10;   //启动定时器2
  23   1        
  24   1        ES = 1;
  25   1        EA = 1;
  26   1      }
  27          
  28          
  29          void main()
  30          {
  31   1        Delay1000ms();
  32   1        Delay1000ms();
  33   1      //  Time0Init();
  34   1        //Time1Init();
  35   1        Time2UartInit();
  36   1      //  UartInit();
  37   1        while(1){
  38   2          
  39   2        }
  40   1      }
  41          
  42          


MODULE INFORMATION:   STATIC OVERLAYABLE
   CODE SIZE        =     34    ----
   CONSTANT SIZE    =   ----    ----
   XDATA SIZE       =   ----    ----
   PDATA SIZE       =   ----    ----
   DATA SIZE        =   ----    ----
   IDATA SIZE       =   ----    ----
   BIT SIZE         =   ----    ----
END OF MODULE INFORMATION.


C51 COMPILATION COMPLETE.  0 WARNING(S),  0 ERROR(S)
