C51 COMPILER V9.52.0.0   MOTOR                                                             03/16/2022 15:33:02 PAGE 1   


C51 COMPILER V9.52.0.0, COMPILATION OF MODULE MOTOR
OBJECT MODULE PLACED IN motor.OBJ
COMPILER INVOKED BY: D:\Program Files (x86)\Keil\C51\BIN\C51.EXE motor.c BROWSE DEBUG OBJECTEXTEND TABS(2)

line level    source

   1          #include "reg52.h"
   2          
   3          sbit RightCon1A = P3^2;
   4          sbit RightCon1B = P3^3;
   5          
   6          sbit LeftCon1A = P3^4;
   7          sbit LeftCon1B = P3^5;
   8          
   9          void goForwardLeft()
  10          {
  11   1        LeftCon1A = 0;
  12   1        LeftCon1B = 1;
  13   1      }
  14          
  15          void stopLeft()
  16          {
  17   1        LeftCon1A = 0;
  18   1        LeftCon1B = 0;
  19   1      }
  20          
  21          void goForwardRight()
  22          {
  23   1        RightCon1A = 0;
  24   1        RightCon1B = 1;
  25   1      }
  26          void stopRight()
  27          {
  28   1        RightCon1A = 0;
  29   1        RightCon1B = 0;
  30   1      }
  31          
  32          
  33          
  34          void goForward()
  35          {
  36   1        LeftCon1A = 0;
  37   1        LeftCon1B = 1;
  38   1        
  39   1        RightCon1A = 0;
  40   1        RightCon1B = 1;
  41   1      }
  42          
  43          void goRight()
  44          {
  45   1        LeftCon1A = 0;
  46   1        LeftCon1B = 1;
  47   1        
  48   1        RightCon1A = 0;
  49   1        RightCon1B = 0;
  50   1      }
  51          
  52          
  53          void goLeft()
  54          {
  55   1        LeftCon1A = 0;
C51 COMPILER V9.52.0.0   MOTOR                                                             03/16/2022 15:33:02 PAGE 2   

  56   1        LeftCon1B = 0;
  57   1        
  58   1        RightCon1A = 0;
  59   1        RightCon1B = 1;
  60   1      }
  61          
  62          void goBack()
  63          {
  64   1        LeftCon1A = 1;
  65   1        LeftCon1B = 0;
  66   1        
  67   1        RightCon1A = 1;
  68   1        RightCon1B = 0;
  69   1      }
  70          
  71          void stop()
  72          {
  73   1        LeftCon1A = 0;
  74   1        LeftCon1B = 0;
  75   1        
  76   1        RightCon1A = 0;
  77   1        RightCon1B = 0;
  78   1      }
  79          


MODULE INFORMATION:   STATIC OVERLAYABLE
   CODE SIZE        =     65    ----
   CONSTANT SIZE    =   ----    ----
   XDATA SIZE       =   ----    ----
   PDATA SIZE       =   ----    ----
   DATA SIZE        =   ----    ----
   IDATA SIZE       =   ----    ----
   BIT SIZE         =   ----    ----
END OF MODULE INFORMATION.


C51 COMPILATION COMPLETE.  0 WARNING(S),  0 ERROR(S)
