C51 COMPILER V9.52.0.0   MAIN                                                              03/22/2022 04:14:20 PAGE 1   


C51 COMPILER V9.52.0.0, COMPILATION OF MODULE MAIN
OBJECT MODULE PLACED IN main.OBJ
COMPILER INVOKED BY: D:\Program Files (x86)\Keil\C51\BIN\C51.EXE main.c BROWSE DEBUG OBJECTEXTEND TABS(2)

line level    source

   1          #include "reg52.h"
   2          #include "intrins.h"
   3          #include "Oled.h"
   4          
   5          void main()
   6          {
   7   1          //1. OLED初始化
   8   1          Oled_Init();
   9   1          Oled_Clear();
  10   1          Oled_Show_Str(2,2,"speed:35cm/s");
  11   1        
  12   1          while(1);
  13   1      }


MODULE INFORMATION:   STATIC OVERLAYABLE
   CODE SIZE        =     21    ----
   CONSTANT SIZE    =     13    ----
   XDATA SIZE       =   ----    ----
   PDATA SIZE       =   ----    ----
   DATA SIZE        =   ----    ----
   IDATA SIZE       =   ----    ----
   BIT SIZE         =   ----    ----
END OF MODULE INFORMATION.


C51 COMPILATION COMPLETE.  0 WARNING(S),  0 ERROR(S)
