C51 COMPILER V9.52.0.0   MAIN                                                              03/16/2022 10:25:57 PAGE 1   


C51 COMPILER V9.52.0.0, COMPILATION OF MODULE MAIN
OBJECT MODULE PLACED IN main.OBJ
COMPILER INVOKED BY: D:\Program Files (x86)\Keil\C51\BIN\C51.EXE main.c BROWSE DEBUG OBJECTEXTEND TABS(2)

line level    source

   1          #include "reg52.h"
   2          #include "intrins.h"
   3          
   4          sbit RightCon1A = P3^2;
   5          sbit RightCon1B = P3^3;
   6          
   7          sbit LeftCon1A = P3^4;
   8          sbit LeftCon1B = P3^5;
   9          
  10          void Delay1000ms()    //@11.0592MHz
  11          {
  12   1        unsigned char i, j, k;
  13   1      
  14   1        _nop_();
  15   1        i = 8;
  16   1        j = 1;
  17   1        k = 243;
  18   1        do
  19   1        {
  20   2          do
  21   2          {
  22   3            while (--k);
  23   3          } while (--j);
  24   2        } while (--i);
  25   1      }
  26          
  27          
  28          void goForward()
  29          {
  30   1        LeftCon1A = 0;
  31   1        LeftCon1B = 1;
  32   1        
  33   1        RightCon1A = 0;
  34   1        RightCon1B = 1;
  35   1      }
  36          
  37          void goRight()
  38          {
  39   1        LeftCon1A = 0;
  40   1        LeftCon1B = 1;
  41   1        
  42   1        RightCon1A = 0;
  43   1        RightCon1B = 0;
  44   1      }
  45          
  46          
  47          void goLeft()
  48          {
  49   1        LeftCon1A = 0;
  50   1        LeftCon1B = 0;
  51   1        
  52   1        RightCon1A = 0;
  53   1        RightCon1B = 1;
  54   1      }
  55          
C51 COMPILER V9.52.0.0   MAIN                                                              03/16/2022 10:25:57 PAGE 2   

  56          void goBack()
  57          {
  58   1        LeftCon1A = 1;
  59   1        LeftCon1B = 0;
  60   1        
  61   1        RightCon1A = 1;
  62   1        RightCon1B = 0;
  63   1      }
  64          
  65          void main()
  66          {
  67   1        while(1){
  68   2          goForward();
  69   2          Delay1000ms();
  70   2          Delay1000ms();
  71   2          goBack();
  72   2          Delay1000ms();
  73   2          Delay1000ms();
  74   2          goLeft();
  75   2          Delay1000ms();
  76   2          Delay1000ms();
  77   2          goRight();
  78   2          Delay1000ms();
  79   2          Delay1000ms();
  80   2        }
  81   1      }
  82          
  83          


MODULE INFORMATION:   STATIC OVERLAYABLE
   CODE SIZE        =     85    ----
   CONSTANT SIZE    =   ----    ----
   XDATA SIZE       =   ----    ----
   PDATA SIZE       =   ----    ----
   DATA SIZE        =   ----    ----
   IDATA SIZE       =   ----    ----
   BIT SIZE         =   ----    ----
END OF MODULE INFORMATION.


C51 COMPILATION COMPLETE.  0 WARNING(S),  0 ERROR(S)
