C51 COMPILER V9.52.0.0   MAIN                                                              03/18/2022 02:27:32 PAGE 1   


C51 COMPILER V9.52.0.0, COMPILATION OF MODULE MAIN
OBJECT MODULE PLACED IN main.OBJ
COMPILER INVOKED BY: D:\Program Files (x86)\Keil\C51\BIN\C51.EXE main.c BROWSE DEBUG OBJECTEXTEND TABS(2)

line level    source

   1          #include "motor.h"
   2          #include "delay.h"
   3          #include "reg52.h"
   4          
   5          sbit leftSensor = P2^7;
   6          sbit rightSensor = P2^6;
   7          
   8          void main()
   9          {
  10   1        //下方小车两个模块都能反射回来红外，输出低电平，灯亮，直走
  11   1      
  12   1        //上方小车左模块遇到黑线，红外被吸收，左模块输出高电平，右模块输出低电
             -，左转，反之右转
  13   1        while(1){
  14   2          if(leftSensor == 0 && rightSensor == 0){
  15   3            goForward();
  16   3          }
  17   2          if(leftSensor == 1 && rightSensor == 0){
  18   3            goLeft();
  19   3          }
  20   2          
  21   2          if(leftSensor == 0 && rightSensor == 1){
  22   3            goRight();
  23   3          }
  24   2          
  25   2          if(leftSensor == 1 && rightSensor == 1){
  26   3            //停
  27   3            stop();
  28   3          }
  29   2        }
  30   1      }
  31          
  32          


MODULE INFORMATION:   STATIC OVERLAYABLE
   CODE SIZE        =     38    ----
   CONSTANT SIZE    =   ----    ----
   XDATA SIZE       =   ----    ----
   PDATA SIZE       =   ----    ----
   DATA SIZE        =   ----    ----
   IDATA SIZE       =   ----    ----
   BIT SIZE         =   ----    ----
END OF MODULE INFORMATION.


C51 COMPILATION COMPLETE.  0 WARNING(S),  0 ERROR(S)
