C51 COMPILER V9.52.0.0   MAIN                                                              03/18/2022 04:25:53 PAGE 1   


C51 COMPILER V9.52.0.0, COMPILATION OF MODULE MAIN
OBJECT MODULE PLACED IN main.OBJ
COMPILER INVOKED BY: D:\Program Files (x86)\Keil\C51\BIN\C51.EXE main.c BROWSE DEBUG OBJECTEXTEND TABS(2)

line level    source

   1          #include "motor.h"
   2          #include "delay.h"
   3          #include "reg52.h"
   4          
   5          //sbit leftSensor = P2^7;
   6          //sbit rightSensor = P2^6;
   7          
   8          sbit leftSensor = P2^5;
   9          sbit rightSensor = P2^4;
  10          
  11          void main()
  12          {
  13   1      
  14   1        while(1){
  15   2          if(leftSensor == 0 && rightSensor == 0){
  16   3            goForward();
  17   3          }
  18   2          if(leftSensor == 1 && rightSensor == 0){
  19   3            goRight();
  20   3          }
  21   2          
  22   2          if(leftSensor == 0 && rightSensor == 1){
  23   3            
  24   3            goLeft();
  25   3          }
  26   2          
  27   2          if(leftSensor == 1 && rightSensor == 1){
  28   3            //停
  29   3            stop();
  30   3          }
  31   2        }
  32   1      }
  33          
  34          


MODULE INFORMATION:   STATIC OVERLAYABLE
   CODE SIZE        =     38    ----
   CONSTANT SIZE    =   ----    ----
   XDATA SIZE       =   ----    ----
   PDATA SIZE       =   ----    ----
   DATA SIZE        =   ----    ----
   IDATA SIZE       =   ----    ----
   BIT SIZE         =   ----    ----
END OF MODULE INFORMATION.


C51 COMPILATION COMPLETE.  0 WARNING(S),  0 ERROR(S)
