C51 COMPILER V9.52.0.0   MAIN                                                              03/16/2022 14:33:02 PAGE 1   


C51 COMPILER V9.52.0.0, COMPILATION OF MODULE MAIN
OBJECT MODULE PLACED IN main.OBJ
COMPILER INVOKED BY: D:\Program Files (x86)\Keil\C51\BIN\C51.EXE main.c BROWSE DEBUG OBJECTEXTEND TABS(2)

line level    source

   1          #include "motor.h"
   2          #include "delay.h"
   3          #include "uart.h"
   4          #include "time.h"
   5          
   6          extern char speed;
   7          
   8          void main()
   9          {
  10   1        Time0Init();
  11   1        //UartInit();
  12   1        
  13   1        while(1){
  14   2          speed = 10;//10份单位时间全速运行，30份停止，所以慢，20ms是40份的500us
  15   2          Delay1000ms();
  16   2          Delay1000ms();
  17   2          speed = 20;
  18   2          Delay1000ms();
  19   2          Delay1000ms();
  20   2          speed = 40;
  21   2          Delay1000ms();
  22   2          Delay1000ms();
  23   2        }
  24   1      }
  25          
  26          


MODULE INFORMATION:   STATIC OVERLAYABLE
   CODE SIZE        =     32    ----
   CONSTANT SIZE    =   ----    ----
   XDATA SIZE       =   ----    ----
   PDATA SIZE       =   ----    ----
   DATA SIZE        =   ----    ----
   IDATA SIZE       =   ----    ----
   BIT SIZE         =   ----    ----
END OF MODULE INFORMATION.


C51 COMPILATION COMPLETE.  0 WARNING(S),  0 ERROR(S)
