C51 COMPILER V9.52.0.0   DELAY                                                             03/18/2022 03:44:02 PAGE 1   


C51 COMPILER V9.52.0.0, COMPILATION OF MODULE DELAY
OBJECT MODULE PLACED IN delay.OBJ
COMPILER INVOKED BY: D:\Program Files (x86)\Keil\C51\BIN\C51.EXE delay.c BROWSE DEBUG OBJECTEXTEND TABS(2)

line level    source

   1          
   2          #include "intrins.h"
   3          
   4          void Delay10ms()    //@11.0592MHz
   5          {
   6   1        unsigned char i, j;
   7   1      
   8   1        i = 18;
   9   1        j = 235;
  10   1        do
  11   1        {
  12   2          while (--j);
  13   2        } while (--i);
  14   1      }
  15          
  16          void Delay1000ms()    //@11.0592MHz
  17          {
  18   1        unsigned char i, j, k;
  19   1      
  20   1        _nop_();
  21   1        i = 8;
  22   1        j = 1;
  23   1        k = 243;
  24   1        do
  25   1        {
  26   2          do
  27   2          {
  28   3            while (--k);
  29   3          } while (--j);
  30   2        } while (--i);
  31   1      }


MODULE INFORMATION:   STATIC OVERLAYABLE
   CODE SIZE        =     23    ----
   CONSTANT SIZE    =   ----    ----
   XDATA SIZE       =   ----    ----
   PDATA SIZE       =   ----    ----
   DATA SIZE        =   ----    ----
   IDATA SIZE       =   ----    ----
   BIT SIZE         =   ----    ----
END OF MODULE INFORMATION.


C51 COMPILATION COMPLETE.  0 WARNING(S),  0 ERROR(S)
