C51 COMPILER V9.52.0.0   TIME                                                              03/18/2022 03:44:02 PAGE 1   


C51 COMPILER V9.52.0.0, COMPILATION OF MODULE TIME
OBJECT MODULE PLACED IN time.OBJ
COMPILER INVOKED BY: D:\Program Files (x86)\Keil\C51\BIN\C51.EXE time.c BROWSE DEBUG OBJECTEXTEND TABS(2)

line level    source

   1          #include "motor.h"
   2          #include "reg52.h"
   3          
   4          char speedLeft;
   5          char cntLeft = 0;
   6          
   7          char speedRight;
   8          char cntRight = 0;
   9          
  10          void Time1Init()
  11          {
  12   1        //1. 配置定时器1工作模式位16位计时
  13   1        TMOD &= 0x0F;
  14   1        TMOD |= 0x1 << 4;
  15   1        //2. 给初值，定一个0.5出来
  16   1        TL1=0x33;
  17   1        TH1=0xFE;
  18   1        //3. 开始计时
  19   1        TR1 = 1;
  20   1        TF1 = 0;
  21   1        //4. 打开定时器1中断
  22   1        ET1 = 1;
  23   1        //5. 打开总中断EA
  24   1        EA = 1;
  25   1      }
  26          
  27          
  28          void Time0Init()
  29          {
  30   1        //1. 配置定时器0工作模式位16位计时
  31   1        TMOD = 0x01;
  32   1        //2. 给初值，定一个0.5出来
  33   1        TL0=0x33;
  34   1        TH0=0xFE;
  35   1        //3. 开始计时
  36   1        TR0 = 1;
  37   1        TF0 = 0;
  38   1        //4. 打开定时器0中断
  39   1        ET0 = 1;
  40   1        //5. 打开总中断EA
  41   1        EA = 1;
  42   1      }
  43          
  44          void Time1Handler() interrupt 3
  45          {
  46   1        cntRight++;  //统计爆表的次数. cnt=1的时候，报表了1
  47   1        //重新给初值
  48   1        TL1=0x33;
  49   1        TH1=0xFE;
  50   1        
  51   1        //控制PWM波
  52   1        if(cntRight < speedRight){
  53   2          //右前进
  54   2          goForwardRight();
  55   2        }else{
C51 COMPILER V9.52.0.0   TIME                                                              03/18/2022 03:44:02 PAGE 2   

  56   2          //停止
  57   2          stopRight();
  58   2        }
  59   1        
  60   1        if(cntRight == 40){//爆表40次，经过了20ms
  61   2          cntRight = 0;  //当100次表示1s，重新让cnt从0开始，计算下一次的1s
  62   2        }
  63   1          
  64   1      }
  65          
  66          void Time0Handler() interrupt 1
  67          {
  68   1        cntLeft++;  //统计爆表的次数. cnt=1的时候，报表了1
  69   1        //重新给初值
  70   1        TL0=0x33;
  71   1        TH0=0xFE;
  72   1        
  73   1        //控制PWM波
  74   1        if(cntLeft < speedLeft){
  75   2          //左前进
  76   2          goForwardLeft();
  77   2        }else{
  78   2          //停止
  79   2          stopLeft();
  80   2        }
  81   1        
  82   1        if(cntLeft == 40){//爆表40次，经过了20ms
  83   2          cntLeft = 0;  //当100次表示1s，重新让cnt从0开始，计算下一次的1s
  84   2        }
  85   1          
  86   1      }


MODULE INFORMATION:   STATIC OVERLAYABLE
   CODE SIZE        =    225    ----
   CONSTANT SIZE    =   ----    ----
   XDATA SIZE       =   ----    ----
   PDATA SIZE       =   ----    ----
   DATA SIZE        =      4    ----
   IDATA SIZE       =   ----    ----
   BIT SIZE         =   ----    ----
END OF MODULE INFORMATION.


C51 COMPILATION COMPLETE.  0 WARNING(S),  0 ERROR(S)
