C51 COMPILER V9.52.0.0   HC04                                                              03/23/2022 08:31:35 PAGE 1   


C51 COMPILER V9.52.0.0, COMPILATION OF MODULE HC04
OBJECT MODULE PLACED IN hc04.OBJ
COMPILER INVOKED BY: D:\Program Files (x86)\Keil\C51\BIN\C51.EXE hc04.c BROWSE DEBUG OBJECTEXTEND TABS(2)

line level    source

   1          #include "reg52.h"
   2          #include "delay.h"
   3          
   4          sbit Trig     = P2^3;
   5          sbit Echo     = P2^2;
   6          
   7          void Time1Init()
   8          { 
   9   1        TMOD &= 0x0F;   //设置定时器模式
  10   1        TMOD |= 0x10;
  11   1        TH1 = 0;
  12   1        TL1 = 0;
  13   1        //设置定时器0工作模式1，初始值设定0开始数数，不着急启动定时器
  14   1      }
  15          
  16          void startHC()
  17          {
  18   1        Trig = 0;
  19   1        Trig = 1;
  20   1        Delay10us();
  21   1        Trig = 0;
  22   1      }
  23          
  24          double get_distance()
  25          {
  26   1          double time;
  27   1          //定时器数据清零，以便下一次测距
  28   1          TH1 = 0;
  29   1          TL1 = 0;
  30   1        //1. Trig ，给Trig端口至少10us的高电平
  31   1          startHC();
  32   1          //2. echo由低电平跳转到高电平，表示开始发送波
  33   1          while(Echo == 0);
  34   1          //波发出去的那一下，开始启动定时器
  35   1          TR1 = 1;
  36   1          //3. 由高电平跳转回低电平，表示波回来了
  37   1          while(Echo == 1);
  38   1          //波回来的那一下，我们开始停止定时器
  39   1          TR1 = 0;
  40   1          //4. 计算出中间经过多少时间
  41   1          time = (TH1 * 256 + TL1)*1.085;//us为单位
  42   1          //5. 距离 = 速度 （340m/s）* 时间/2
  43   1          return  (time * 0.017);
  44   1      }


MODULE INFORMATION:   STATIC OVERLAYABLE
   CODE SIZE        =     97    ----
   CONSTANT SIZE    =   ----    ----
   XDATA SIZE       =   ----    ----
   PDATA SIZE       =   ----    ----
   DATA SIZE        =   ----       4
   IDATA SIZE       =   ----    ----
   BIT SIZE         =   ----    ----
END OF MODULE INFORMATION.

C51 COMPILER V9.52.0.0   HC04                                                              03/23/2022 08:31:35 PAGE 2   


C51 COMPILATION COMPLETE.  0 WARNING(S),  0 ERROR(S)
